# JRE version: OpenJDK Runtime Environment (8.0_242-b01) (build 1.8.0_242-release-1644-b01)
# Java VM: OpenJDK 64-Bit Server VM (25.242-b01 mixed mode windows-amd64 compressed oops)
Heap:
 PSYoungGen      total 76288K, used 50419K [0x000000076af80000, 0x0000000770480000, 0x00000007c0000000)
  eden space 65536K, 76% used [0x000000076af80000,0x000000076e0bce88,0x000000076ef80000)
  from space 10752K, 0% used [0x000000076fa00000,0x000000076fa00000,0x0000000770480000)
  to   space 10752K, 0% used [0x000000076ef80000,0x000000076ef80000,0x000000076fa00000)
 ParOldGen       total 112640K, used 9318K [0x00000006c0e00000, 0x00000006c7c00000, 0x000000076af80000)
  object space 112640K, 8% used [0x00000006c0e00000,0x00000006c1719b40,0x00000006c7c00000)
 Metaspace       used 26513K, capacity 26917K, committed 27136K, reserved 1073152K
  class space    used 3147K, capacity 3274K, committed 3328K, reserved 1048576K
GC Heap History (6 events):
Event: 0.912 GC heap before
{Heap before GC invocations=1 (full 0):
 PSYoungGen      total 76288K, used 65536K [0x000000076af80000, 0x0000000770480000, 0x00000007c0000000)
  eden space 65536K, 100% used [0x000000076af80000,0x000000076ef80000,0x000000076ef80000)
  from space 10752K, 0% used [0x000000076fa00000,0x000000076fa00000,0x0000000770480000)
  to   space 10752K, 0% used [0x000000076ef80000,0x000000076ef80000,0x000000076fa00000)
 ParOldGen       total 175104K, used 0K [0x00000006c0e00000, 0x00000006cb900000, 0x000000076af80000)
  object space 175104K, 0% used [0x00000006c0e00000,0x00000006c0e00000,0x00000006cb900000)
 Metaspace       used 15640K, capacity 15918K, committed 16000K, reserved 1062912K
  class space    used 1790K, capacity 1905K, committed 1920K, reserved 1048576K
Event: 0.931 GC heap after
Heap after GC invocations=1 (full 0):
 PSYoungGen      total 76288K, used 10746K [0x000000076af80000, 0x0000000770480000, 0x00000007c0000000)
  eden space 65536K, 0% used [0x000000076af80000,0x000000076af80000,0x000000076ef80000)
  from space 10752K, 99% used [0x000000076ef80000,0x000000076f9fe988,0x000000076fa00000)
  to   space 10752K, 0% used [0x000000076fa00000,0x000000076fa00000,0x0000000770480000)
 ParOldGen       total 175104K, used 4487K [0x00000006c0e00000, 0x00000006cb900000, 0x000000076af80000)
  object space 175104K, 2% used [0x00000006c0e00000,0x00000006c1261cc8,0x00000006cb900000)
 Metaspace       used 15640K, capacity 15918K, committed 16000K, reserved 1062912K
  class space    used 1790K, capacity 1905K, committed 1920K, reserved 1048576K
}
Event: 1.197 GC heap before
{Heap before GC invocations=2 (full 0):
 PSYoungGen      total 76288K, used 31046K [0x000000076af80000, 0x0000000770480000, 0x00000007c0000000)
  eden space 65536K, 30% used [0x000000076af80000,0x000000076c3530b0,0x000000076ef80000)
  from space 10752K, 99% used [0x000000076ef80000,0x000000076f9fe988,0x000000076fa00000)
  to   space 10752K, 0% used [0x000000076fa00000,0x000000076fa00000,0x0000000770480000)
 ParOldGen       total 175104K, used 4487K [0x00000006c0e00000, 0x00000006cb900000, 0x000000076af80000)
  object space 175104K, 2% used [0x00000006c0e00000,0x00000006c1261cc8,0x00000006cb900000)
 Metaspace       used 20803K, capacity 21164K, committed 21248K, reserved 1069056K
  class space    used 2437K, capacity 2560K, committed 2560K, reserved 1048576K
Event: 1.205 GC heap after
Heap after GC invocations=2 (full 0):
 PSYoungGen      total 76288K, used 9595K [0x000000076af80000, 0x0000000770480000, 0x00000007c0000000)
  eden space 65536K, 0% used [0x000000076af80000,0x000000076af80000,0x000000076ef80000)
  from space 10752K, 89% used [0x000000076fa00000,0x000000077035ef08,0x0000000770480000)
  to   space 10752K, 0% used [0x000000076ef80000,0x000000076ef80000,0x000000076fa00000)
 ParOldGen       total 175104K, used 4559K [0x00000006c0e00000, 0x00000006cb900000, 0x000000076af80000)
  object space 175104K, 2% used [0x00000006c0e00000,0x00000006c1273cd8,0x00000006cb900000)
 Metaspace       used 20803K, capacity 21164K, committed 21248K, reserved 1069056K
  class space    used 2437K, capacity 2560K, committed 2560K, reserved 1048576K
}
Event: 1.205 GC heap before
{Heap before GC invocations=3 (full 1):
 PSYoungGen      total 76288K, used 9595K [0x000000076af80000, 0x0000000770480000, 0x00000007c0000000)
  eden space 65536K, 0% used [0x000000076af80000,0x000000076af80000,0x000000076ef80000)
  from space 10752K, 89% used [0x000000076fa00000,0x000000077035ef08,0x0000000770480000)
  to   space 10752K, 0% used [0x000000076ef80000,0x000000076ef80000,0x000000076fa00000)
 ParOldGen       total 175104K, used 4559K [0x00000006c0e00000, 0x00000006cb900000, 0x000000076af80000)
  object space 175104K, 2% used [0x00000006c0e00000,0x00000006c1273cd8,0x00000006cb900000)
 Metaspace       used 20803K, capacity 21164K, committed 21248K, reserved 1069056K
  class space    used 2437K, capacity 2560K, committed 2560K, reserved 1048576K
Event: 1.234 GC heap after
Heap after GC invocations=3 (full 1):
 PSYoungGen      total 76288K, used 0K [0x000000076af80000, 0x0000000770480000, 0x00000007c0000000)
  eden space 65536K, 0% used [0x000000076af80000,0x000000076af80000,0x000000076ef80000)
  from space 10752K, 0% used [0x000000076fa00000,0x000000076fa00000,0x0000000770480000)
  to   space 10752K, 0% used [0x000000076ef80000,0x000000076ef80000,0x000000076fa00000)
 ParOldGen       total 112640K, used 9318K [0x00000006c0e00000, 0x00000006c7c00000, 0x000000076af80000)
  object space 112640K, 8% used [0x00000006c0e00000,0x00000006c1719b40,0x00000006c7c00000)
 Metaspace       used 20803K, capacity 21164K, committed 21248K, reserved 1069056K
  class space    used 2437K, capacity 2560K, committed 2560K, reserved 1048576K
}

